{"C:\\Users\\Rodrigo\\Documents\\Cursos\\ArgentinaPrograma\\1_ Intro\\Tareas\\Pokedex\\src\\ui\\handlers.js": {"path":"C:\\Users\\Rodrigo\\Documents\\Cursos\\ArgentinaPrograma\\1_ Intro\\Tareas\\Pokedex\\src\\ui\\handlers.js","statementMap":{"0":{"start":{"line":2,"column":2},"end":{"line":2,"column":62}},"1":{"start":{"line":6,"column":20},"end":{"line":6,"column":56}},"2":{"start":{"line":7,"column":20},"end":{"line":7,"column":56}},"3":{"start":{"line":8,"column":17},"end":{"line":8,"column":19}},"4":{"start":{"line":9,"column":17},"end":{"line":9,"column":19}},"5":{"start":{"line":10,"column":2},"end":{"line":12,"column":5}},"6":{"start":{"line":11,"column":4},"end":{"line":11,"column":57}},"7":{"start":{"line":13,"column":2},"end":{"line":15,"column":5}},"8":{"start":{"line":14,"column":4},"end":{"line":14,"column":57}},"9":{"start":{"line":16,"column":2},"end":{"line":16,"column":33}},"10":{"start":{"line":17,"column":2},"end":{"line":17,"column":33}},"11":{"start":{"line":21,"column":18},"end":{"line":21,"column":49}},"12":{"start":{"line":22,"column":2},"end":{"line":22,"column":39}},"13":{"start":{"line":26,"column":2},"end":{"line":28,"column":4}},"14":{"start":{"line":27,"column":4},"end":{"line":27,"column":49}},"15":{"start":{"line":29,"column":2},"end":{"line":31,"column":4}},"16":{"start":{"line":30,"column":4},"end":{"line":30,"column":76}},"17":{"start":{"line":35,"column":2},"end":{"line":37,"column":3}},"18":{"start":{"line":35,"column":15},"end":{"line":35,"column":16}},"19":{"start":{"line":36,"column":4},"end":{"line":36,"column":50}},"20":{"start":{"line":38,"column":2},"end":{"line":38,"column":57}},"21":{"start":{"line":39,"column":2},"end":{"line":39,"column":36}},"22":{"start":{"line":43,"column":16},"end":{"line":43,"column":21}},"23":{"start":{"line":44,"column":21},"end":{"line":44,"column":54}},"24":{"start":{"line":45,"column":2},"end":{"line":47,"column":3}},"25":{"start":{"line":46,"column":4},"end":{"line":46,"column":30}},"26":{"start":{"line":48,"column":2},"end":{"line":48,"column":33}},"27":{"start":{"line":52,"column":2},"end":{"line":54,"column":4}},"28":{"start":{"line":53,"column":4},"end":{"line":53,"column":35}},"29":{"start":{"line":55,"column":2},"end":{"line":59,"column":4}},"30":{"start":{"line":56,"column":4},"end":{"line":58,"column":5}},"31":{"start":{"line":57,"column":6},"end":{"line":57,"column":37}},"32":{"start":{"line":63,"column":2},"end":{"line":68,"column":5}},"33":{"start":{"line":65,"column":4},"end":{"line":67,"column":6}},"34":{"start":{"line":66,"column":6},"end":{"line":66,"column":41}},"35":{"start":{"line":72,"column":26},"end":{"line":72,"column":36}},"36":{"start":{"line":73,"column":25},"end":{"line":73,"column":35}},"37":{"start":{"line":74,"column":2},"end":{"line":76,"column":4}},"38":{"start":{"line":75,"column":4},"end":{"line":75,"column":44}},"39":{"start":{"line":77,"column":2},"end":{"line":83,"column":4}},"40":{"start":{"line":78,"column":4},"end":{"line":82,"column":5}},"41":{"start":{"line":79,"column":6},"end":{"line":79,"column":45}},"42":{"start":{"line":81,"column":6},"end":{"line":81,"column":32}}},"fnMap":{"0":{"name":"actualizarLineaDisplay","decl":{"start":{"line":1,"column":9},"end":{"line":1,"column":31}},"loc":{"start":{"line":1,"column":54},"end":{"line":3,"column":1}},"line":1},"1":{"name":"mostrarDisplay","decl":{"start":{"line":5,"column":16},"end":{"line":5,"column":30}},"loc":{"start":{"line":5,"column":37},"end":{"line":18,"column":1}},"line":5},"2":{"name":"(anonymous_2)","decl":{"start":{"line":10,"column":15},"end":{"line":10,"column":16}},"loc":{"start":{"line":10,"column":28},"end":{"line":12,"column":3}},"line":10},"3":{"name":"(anonymous_3)","decl":{"start":{"line":13,"column":15},"end":{"line":13,"column":16}},"loc":{"start":{"line":13,"column":28},"end":{"line":15,"column":3}},"line":13},"4":{"name":"mostrarImagen","decl":{"start":{"line":20,"column":16},"end":{"line":20,"column":29}},"loc":{"start":{"line":20,"column":38},"end":{"line":23,"column":1}},"line":20},"5":{"name":"actualizarPadArrAbj","decl":{"start":{"line":25,"column":16},"end":{"line":25,"column":35}},"loc":{"start":{"line":25,"column":90},"end":{"line":32,"column":1}},"line":25},"6":{"name":"(anonymous_6)","decl":{"start":{"line":25,"column":80},"end":{"line":25,"column":81}},"loc":{"start":{"line":25,"column":86},"end":{"line":25,"column":88}},"line":25},"7":{"name":"buscarImagenSiguiente","decl":{"start":{"line":26,"column":58},"end":{"line":26,"column":79}},"loc":{"start":{"line":26,"column":82},"end":{"line":28,"column":3}},"line":26},"8":{"name":"buscarImagenSiguiente","decl":{"start":{"line":29,"column":57},"end":{"line":29,"column":78}},"loc":{"start":{"line":29,"column":81},"end":{"line":31,"column":3}},"line":29},"9":{"name":"actualizarImagen","decl":{"start":{"line":34,"column":16},"end":{"line":34,"column":32}},"loc":{"start":{"line":34,"column":62},"end":{"line":40,"column":1}},"line":34},"10":{"name":"actualizarVisor","decl":{"start":{"line":42,"column":16},"end":{"line":42,"column":31}},"loc":{"start":{"line":42,"column":39},"end":{"line":49,"column":1}},"line":42},"11":{"name":"actualizarPadIzqDer","decl":{"start":{"line":51,"column":16},"end":{"line":51,"column":35}},"loc":{"start":{"line":51,"column":75},"end":{"line":60,"column":1}},"line":51},"12":{"name":"(anonymous_12)","decl":{"start":{"line":51,"column":65},"end":{"line":51,"column":66}},"loc":{"start":{"line":51,"column":71},"end":{"line":51,"column":73}},"line":51},"13":{"name":"buscarPokemonSiguiente","decl":{"start":{"line":52,"column":59},"end":{"line":52,"column":81}},"loc":{"start":{"line":52,"column":84},"end":{"line":54,"column":3}},"line":52},"14":{"name":"buscarPokemonPrevio","decl":{"start":{"line":55,"column":61},"end":{"line":55,"column":80}},"loc":{"start":{"line":55,"column":83},"end":{"line":59,"column":3}},"line":55},"15":{"name":"actualizarBotones","decl":{"start":{"line":62,"column":16},"end":{"line":62,"column":33}},"loc":{"start":{"line":62,"column":78},"end":{"line":69,"column":1}},"line":62},"16":{"name":"(anonymous_16)","decl":{"start":{"line":62,"column":68},"end":{"line":62,"column":69}},"loc":{"start":{"line":62,"column":74},"end":{"line":62,"column":76}},"line":62},"17":{"name":"(anonymous_17)","decl":{"start":{"line":63,"column":54},"end":{"line":63,"column":55}},"loc":{"start":{"line":63,"column":67},"end":{"line":68,"column":3}},"line":63},"18":{"name":"(anonymous_18)","decl":{"start":{"line":65,"column":19},"end":{"line":65,"column":20}},"loc":{"start":{"line":65,"column":25},"end":{"line":67,"column":5}},"line":65},"19":{"name":"actualizarNavegacion","decl":{"start":{"line":71,"column":16},"end":{"line":71,"column":36}},"loc":{"start":{"line":71,"column":80},"end":{"line":84,"column":1}},"line":71},"20":{"name":"(anonymous_20)","decl":{"start":{"line":71,"column":70},"end":{"line":71,"column":71}},"loc":{"start":{"line":71,"column":76},"end":{"line":71,"column":78}},"line":71},"21":{"name":"buscarPaginaSiguiente","decl":{"start":{"line":74,"column":61},"end":{"line":74,"column":82}},"loc":{"start":{"line":74,"column":85},"end":{"line":76,"column":3}},"line":74},"22":{"name":"buscarPaginaAnterior","decl":{"start":{"line":77,"column":63},"end":{"line":77,"column":83}},"loc":{"start":{"line":77,"column":86},"end":{"line":83,"column":3}},"line":77}},"branchMap":{"0":{"loc":{"start":{"line":1,"column":42},"end":{"line":1,"column":52}},"type":"default-arg","locations":[{"start":{"line":1,"column":50},"end":{"line":1,"column":52}}],"line":1},"1":{"loc":{"start":{"line":25,"column":53},"end":{"line":25,"column":88}},"type":"default-arg","locations":[{"start":{"line":25,"column":80},"end":{"line":25,"column":88}}],"line":25},"2":{"loc":{"start":{"line":34,"column":50},"end":{"line":34,"column":60}},"type":"default-arg","locations":[{"start":{"line":34,"column":59},"end":{"line":34,"column":60}}],"line":34},"3":{"loc":{"start":{"line":45,"column":2},"end":{"line":47,"column":3}},"type":"if","locations":[{"start":{"line":45,"column":2},"end":{"line":47,"column":3}},{"start":{},"end":{}}],"line":45},"4":{"loc":{"start":{"line":51,"column":47},"end":{"line":51,"column":73}},"type":"default-arg","locations":[{"start":{"line":51,"column":65},"end":{"line":51,"column":73}}],"line":51},"5":{"loc":{"start":{"line":56,"column":4},"end":{"line":58,"column":5}},"type":"if","locations":[{"start":{"line":56,"column":4},"end":{"line":58,"column":5}},{"start":{},"end":{}}],"line":56},"6":{"loc":{"start":{"line":62,"column":50},"end":{"line":62,"column":76}},"type":"default-arg","locations":[{"start":{"line":62,"column":68},"end":{"line":62,"column":76}}],"line":62},"7":{"loc":{"start":{"line":71,"column":45},"end":{"line":71,"column":78}},"type":"default-arg","locations":[{"start":{"line":71,"column":70},"end":{"line":71,"column":78}}],"line":71},"8":{"loc":{"start":{"line":78,"column":4},"end":{"line":82,"column":5}},"type":"if","locations":[{"start":{"line":78,"column":4},"end":{"line":82,"column":5}},{"start":{"line":80,"column":11},"end":{"line":82,"column":5}}],"line":78}},"s":{"0":0,"1":0,"2":0,"3":0,"4":0,"5":0,"6":0,"7":0,"8":0,"9":0,"10":0,"11":0,"12":0,"13":0,"14":0,"15":0,"16":0,"17":0,"18":0,"19":0,"20":0,"21":0,"22":0,"23":0,"24":0,"25":0,"26":0,"27":0,"28":0,"29":0,"30":0,"31":0,"32":0,"33":0,"34":0,"35":0,"36":0,"37":0,"38":0,"39":0,"40":0,"41":0,"42":0},"f":{"0":0,"1":0,"2":0,"3":0,"4":0,"5":0,"6":0,"7":0,"8":0,"9":0,"10":0,"11":0,"12":0,"13":0,"14":0,"15":0,"16":0,"17":0,"18":0,"19":0,"20":0,"21":0,"22":0},"b":{"0":[0],"1":[0],"2":[0],"3":[0,0],"4":[0],"5":[0,0],"6":[0],"7":[0],"8":[0,0]},"_coverageSchema":"1a1c01bbd47fc00a2c39e90264f33305004495a9","hash":"72d52372093796a92dca42de75f44005f5b6c4e3"}
,"C:\\Users\\Rodrigo\\Documents\\Cursos\\ArgentinaPrograma\\1_ Intro\\Tareas\\Pokedex\\src\\ui\\index.js": {"path":"C:\\Users\\Rodrigo\\Documents\\Cursos\\ArgentinaPrograma\\1_ Intro\\Tareas\\Pokedex\\src\\ui\\index.js","statementMap":{"0":{"start":{"line":18,"column":2},"end":{"line":18,"column":51}},"1":{"start":{"line":19,"column":2},"end":{"line":19,"column":59}},"2":{"start":{"line":20,"column":2},"end":{"line":20,"column":47}},"3":{"start":{"line":24,"column":2},"end":{"line":29,"column":5}},"4":{"start":{"line":30,"column":23},"end":{"line":30,"column":35}},"5":{"start":{"line":31,"column":2},"end":{"line":31,"column":29}},"6":{"start":{"line":32,"column":2},"end":{"line":32,"column":35}},"7":{"start":{"line":33,"column":2},"end":{"line":33,"column":56}},"8":{"start":{"line":37,"column":2},"end":{"line":43,"column":5}},"9":{"start":{"line":44,"column":2},"end":{"line":44,"column":59}},"10":{"start":{"line":45,"column":2},"end":{"line":45,"column":66}},"11":{"start":{"line":49,"column":2},"end":{"line":49,"column":38}},"12":{"start":{"line":53,"column":2},"end":{"line":53,"column":40}}},"fnMap":{"0":{"name":"inicializarUiPokedex","decl":{"start":{"line":17,"column":16},"end":{"line":17,"column":36}},"loc":{"start":{"line":17,"column":78},"end":{"line":21,"column":1}},"line":17},"1":{"name":"actualizarUiPokemon","decl":{"start":{"line":23,"column":16},"end":{"line":23,"column":35}},"loc":{"start":{"line":23,"column":67},"end":{"line":34,"column":1}},"line":23},"2":{"name":"actualizarUiListaPokemon","decl":{"start":{"line":36,"column":16},"end":{"line":36,"column":40}},"loc":{"start":{"line":36,"column":94},"end":{"line":46,"column":1}},"line":36},"3":{"name":"mostrarCargandoPokemon","decl":{"start":{"line":48,"column":16},"end":{"line":48,"column":38}},"loc":{"start":{"line":48,"column":41},"end":{"line":50,"column":1}},"line":48},"4":{"name":"mostrarCargandoDisplay","decl":{"start":{"line":52,"column":16},"end":{"line":52,"column":38}},"loc":{"start":{"line":52,"column":41},"end":{"line":54,"column":1}},"line":52}},"branchMap":{"0":{"loc":{"start":{"line":28,"column":48},"end":{"line":28,"column":120}},"type":"cond-expr","locations":[{"start":{"line":28,"column":79},"end":{"line":28,"column":115}},{"start":{"line":28,"column":118},"end":{"line":28,"column":120}}],"line":28}},"s":{"0":0,"1":0,"2":0,"3":0,"4":0,"5":0,"6":0,"7":0,"8":0,"9":0,"10":0,"11":0,"12":0},"f":{"0":0,"1":0,"2":0,"3":0,"4":0},"b":{"0":[0,0]},"_coverageSchema":"1a1c01bbd47fc00a2c39e90264f33305004495a9","hash":"5c4081339aeb073fbaf77e485af311a374f2a0c5"}
,"C:\\Users\\Rodrigo\\Documents\\Cursos\\ArgentinaPrograma\\1_ Intro\\Tareas\\Pokedex\\src\\ui\\init.js": {"path":"C:\\Users\\Rodrigo\\Documents\\Cursos\\ArgentinaPrograma\\1_ Intro\\Tareas\\Pokedex\\src\\ui\\init.js","statementMap":{"0":{"start":{"line":13,"column":21},"end":{"line":13,"column":52}},"1":{"start":{"line":16,"column":25},"end":{"line":16,"column":64}},"2":{"start":{"line":17,"column":31},"end":{"line":17,"column":44}},"3":{"start":{"line":18,"column":27},"end":{"line":18,"column":37}},"4":{"start":{"line":19,"column":20},"end":{"line":19,"column":70}},"5":{"start":{"line":21,"column":4},"end":{"line":25,"column":5}},"6":{"start":{"line":22,"column":6},"end":{"line":22,"column":42}},"7":{"start":{"line":23,"column":11},"end":{"line":25,"column":5}},"8":{"start":{"line":24,"column":6},"end":{"line":24,"column":38}},"9":{"start":{"line":28,"column":2},"end":{"line":28,"column":60}},"10":{"start":{"line":30,"column":4},"end":{"line":32,"column":5}},"11":{"start":{"line":31,"column":6},"end":{"line":31,"column":22}},"12":{"start":{"line":34,"column":2},"end":{"line":34,"column":60}},"13":{"start":{"line":38,"column":2},"end":{"line":46,"column":4}},"14":{"start":{"line":39,"column":4},"end":{"line":39,"column":29}},"15":{"start":{"line":40,"column":4},"end":{"line":40,"column":40}},"16":{"start":{"line":41,"column":4},"end":{"line":41,"column":24}},"17":{"start":{"line":42,"column":4},"end":{"line":42,"column":28}},"18":{"start":{"line":43,"column":4},"end":{"line":43,"column":53}},"19":{"start":{"line":44,"column":4},"end":{"line":44,"column":26}},"20":{"start":{"line":45,"column":4},"end":{"line":45,"column":28}}},"fnMap":{"0":{"name":"configurarBusquedaInput","decl":{"start":{"line":12,"column":16},"end":{"line":12,"column":39}},"loc":{"start":{"line":12,"column":93},"end":{"line":35,"column":1}},"line":12},"1":{"name":"buscarPokemon","decl":{"start":{"line":15,"column":11},"end":{"line":15,"column":24}},"loc":{"start":{"line":15,"column":27},"end":{"line":26,"column":3}},"line":15},"2":{"name":"enviarInput","decl":{"start":{"line":29,"column":11},"end":{"line":29,"column":22}},"loc":{"start":{"line":29,"column":30},"end":{"line":33,"column":3}},"line":29},"3":{"name":"configurarBotonReset","decl":{"start":{"line":37,"column":16},"end":{"line":37,"column":36}},"loc":{"start":{"line":37,"column":61},"end":{"line":47,"column":1}},"line":37},"4":{"name":"reiniciarPokedex","decl":{"start":{"line":38,"column":57},"end":{"line":38,"column":73}},"loc":{"start":{"line":38,"column":76},"end":{"line":46,"column":3}},"line":38}},"branchMap":{"0":{"loc":{"start":{"line":21,"column":4},"end":{"line":25,"column":5}},"type":"if","locations":[{"start":{"line":21,"column":4},"end":{"line":25,"column":5}},{"start":{"line":23,"column":11},"end":{"line":25,"column":5}}],"line":21},"1":{"loc":{"start":{"line":21,"column":8},"end":{"line":21,"column":69}},"type":"binary-expr","locations":[{"start":{"line":21,"column":8},"end":{"line":21,"column":33}},{"start":{"line":21,"column":37},"end":{"line":21,"column":69}}],"line":21},"2":{"loc":{"start":{"line":23,"column":11},"end":{"line":25,"column":5}},"type":"if","locations":[{"start":{"line":23,"column":11},"end":{"line":25,"column":5}},{"start":{},"end":{}}],"line":23},"3":{"loc":{"start":{"line":23,"column":15},"end":{"line":23,"column":68}},"type":"binary-expr","locations":[{"start":{"line":23,"column":15},"end":{"line":23,"column":36}},{"start":{"line":23,"column":40},"end":{"line":23,"column":68}}],"line":23},"4":{"loc":{"start":{"line":30,"column":4},"end":{"line":32,"column":5}},"type":"if","locations":[{"start":{"line":30,"column":4},"end":{"line":32,"column":5}},{"start":{},"end":{}}],"line":30}},"s":{"0":2,"1":2,"2":2,"3":2,"4":2,"5":2,"6":1,"7":1,"8":0,"9":2,"10":0,"11":0,"12":2,"13":1,"14":1,"15":1,"16":1,"17":1,"18":1,"19":1,"20":1},"f":{"0":2,"1":2,"2":0,"3":1,"4":1},"b":{"0":[1,1],"1":[2,2],"2":[0,1],"3":[1,0],"4":[0,0]},"_coverageSchema":"1a1c01bbd47fc00a2c39e90264f33305004495a9","hash":"b1c037ccb315d4ec50d75c4f2b8afc374c4e4a0d"}
}
