{"C:\\Users\\Rodrigo\\Documents\\Cursos\\ArgentinaPrograma\\1_ Intro\\Tareas\\Pokedex\\src\\ui\\init.js": {"path":"C:\\Users\\Rodrigo\\Documents\\Cursos\\ArgentinaPrograma\\1_ Intro\\Tareas\\Pokedex\\src\\ui\\init.js","statementMap":{"0":{"start":{"line":13,"column":21},"end":{"line":13,"column":52}},"1":{"start":{"line":15,"column":31},"end":{"line":15,"column":44}},"2":{"start":{"line":16,"column":31},"end":{"line":16,"column":41}},"3":{"start":{"line":17,"column":20},"end":{"line":17,"column":70}},"4":{"start":{"line":18,"column":4},"end":{"line":20,"column":5}},"5":{"start":{"line":19,"column":6},"end":{"line":19,"column":31}},"6":{"start":{"line":22,"column":2},"end":{"line":22,"column":60}},"7":{"start":{"line":24,"column":4},"end":{"line":26,"column":5}},"8":{"start":{"line":25,"column":6},"end":{"line":25,"column":22}},"9":{"start":{"line":28,"column":2},"end":{"line":28,"column":62}},"10":{"start":{"line":32,"column":2},"end":{"line":40,"column":4}},"11":{"start":{"line":33,"column":4},"end":{"line":33,"column":29}},"12":{"start":{"line":34,"column":4},"end":{"line":34,"column":40}},"13":{"start":{"line":35,"column":4},"end":{"line":35,"column":24}},"14":{"start":{"line":36,"column":4},"end":{"line":36,"column":38}},"15":{"start":{"line":37,"column":4},"end":{"line":37,"column":53}},"16":{"start":{"line":38,"column":4},"end":{"line":38,"column":36}},"17":{"start":{"line":39,"column":4},"end":{"line":39,"column":38}}},"fnMap":{"0":{"name":"configurarBusquedaInput","decl":{"start":{"line":12,"column":16},"end":{"line":12,"column":39}},"loc":{"start":{"line":12,"column":57},"end":{"line":29,"column":1}},"line":12},"1":{"name":"buscarPokemon","decl":{"start":{"line":14,"column":11},"end":{"line":14,"column":24}},"loc":{"start":{"line":14,"column":27},"end":{"line":21,"column":3}},"line":14},"2":{"name":"enviarInput","decl":{"start":{"line":23,"column":11},"end":{"line":23,"column":22}},"loc":{"start":{"line":23,"column":30},"end":{"line":27,"column":3}},"line":23},"3":{"name":"configurarBotonReset","decl":{"start":{"line":31,"column":16},"end":{"line":31,"column":36}},"loc":{"start":{"line":31,"column":61},"end":{"line":41,"column":1}},"line":31},"4":{"name":"reiniciarPokedex","decl":{"start":{"line":32,"column":57},"end":{"line":32,"column":73}},"loc":{"start":{"line":32,"column":76},"end":{"line":40,"column":3}},"line":32},"5":{"name":"(anonymous_5)","decl":{"start":{"line":36,"column":28},"end":{"line":36,"column":29}},"loc":{"start":{"line":36,"column":34},"end":{"line":36,"column":36}},"line":36},"6":{"name":"(anonymous_6)","decl":{"start":{"line":38,"column":26},"end":{"line":38,"column":27}},"loc":{"start":{"line":38,"column":32},"end":{"line":38,"column":34}},"line":38},"7":{"name":"(anonymous_7)","decl":{"start":{"line":39,"column":28},"end":{"line":39,"column":29}},"loc":{"start":{"line":39,"column":34},"end":{"line":39,"column":36}},"line":39}},"branchMap":{"0":{"loc":{"start":{"line":18,"column":4},"end":{"line":20,"column":5}},"type":"if","locations":[{"start":{"line":18,"column":4},"end":{"line":20,"column":5}},{"start":{},"end":{}}],"line":18},"1":{"loc":{"start":{"line":18,"column":8},"end":{"line":18,"column":76}},"type":"binary-expr","locations":[{"start":{"line":18,"column":8},"end":{"line":18,"column":40}},{"start":{"line":18,"column":44},"end":{"line":18,"column":76}}],"line":18},"2":{"loc":{"start":{"line":24,"column":4},"end":{"line":26,"column":5}},"type":"if","locations":[{"start":{"line":24,"column":4},"end":{"line":26,"column":5}},{"start":{},"end":{}}],"line":24}},"s":{"0":3,"1":2,"2":2,"3":2,"4":2,"5":2,"6":3,"7":0,"8":0,"9":3,"10":1,"11":1,"12":1,"13":1,"14":1,"15":1,"16":1,"17":1},"f":{"0":3,"1":2,"2":0,"3":1,"4":1,"5":0,"6":0,"7":0},"b":{"0":[2,0],"1":[2,0],"2":[0,0]},"_coverageSchema":"1a1c01bbd47fc00a2c39e90264f33305004495a9","hash":"f0840992de47eaf450dc9fb7c59daae3cbd7b66f"}
}
