TN:
SF:src\data\index.js
FN:4,mapearDatosPokemon
FN:19,mapearListaPokemones
FN:22,(anonymous_2)
FNF:3
FNH:3
FNDA:1,mapearDatosPokemon
FNDA:1,mapearListaPokemones
FNDA:10,(anonymous_2)
DA:5,1
DA:6,1
DA:7,1
DA:8,1
DA:9,1
DA:20,1
DA:21,1
DA:22,1
DA:23,10
DA:25,1
LF:10
LH:10
BRF:0
BRH:0
end_of_record
TN:
SF:src\ui\handlers.js
FN:1,actualizarLineaDisplay
FN:5,mostrarDisplay
FN:10,(anonymous_2)
FN:13,(anonymous_3)
FN:20,mostrarImagen
FN:25,actualizarPadArrAbj
FN:26,buscarImagenSiguiente
FN:29,buscarImagenSiguiente
FN:34,actualizarImagen
FN:42,actualizarVisor
FN:51,actualizarPadIzqDer
FN:52,buscarPokemonSiguiente
FN:55,buscarPokemonPrevio
FN:62,actualizarBotones
FN:63,(anonymous_14)
FN:65,(anonymous_15)
FN:71,actualizarNavegacion
FN:74,buscarPaginaSiguiente
FN:77,buscarPaginaAnterior
FNF:19
FNH:0
FNDA:0,actualizarLineaDisplay
FNDA:0,mostrarDisplay
FNDA:0,(anonymous_2)
FNDA:0,(anonymous_3)
FNDA:0,mostrarImagen
FNDA:0,actualizarPadArrAbj
FNDA:0,buscarImagenSiguiente
FNDA:0,buscarImagenSiguiente
FNDA:0,actualizarImagen
FNDA:0,actualizarVisor
FNDA:0,actualizarPadIzqDer
FNDA:0,buscarPokemonSiguiente
FNDA:0,buscarPokemonPrevio
FNDA:0,actualizarBotones
FNDA:0,(anonymous_14)
FNDA:0,(anonymous_15)
FNDA:0,actualizarNavegacion
FNDA:0,buscarPaginaSiguiente
FNDA:0,buscarPaginaAnterior
DA:2,0
DA:6,0
DA:7,0
DA:8,0
DA:9,0
DA:10,0
DA:11,0
DA:13,0
DA:14,0
DA:16,0
DA:17,0
DA:21,0
DA:22,0
DA:26,0
DA:27,0
DA:29,0
DA:30,0
DA:35,0
DA:36,0
DA:38,0
DA:39,0
DA:43,0
DA:44,0
DA:45,0
DA:46,0
DA:48,0
DA:52,0
DA:53,0
DA:55,0
DA:56,0
DA:57,0
DA:63,0
DA:65,0
DA:66,0
DA:72,0
DA:73,0
DA:74,0
DA:75,0
DA:77,0
DA:78,0
DA:79,0
DA:81,0
LF:42
LH:0
BRDA:1,0,0,0
BRDA:34,1,0,0
BRDA:45,2,0,0
BRDA:45,2,1,0
BRDA:56,3,0,0
BRDA:56,3,1,0
BRDA:78,4,0,0
BRDA:78,4,1,0
BRF:8
BRH:0
end_of_record
TN:
SF:src\ui\init.js
FN:12,configurarBusquedaInput
FN:14,buscarPokemon
FN:23,enviarInput
FN:32,configurarBotonReset
FN:33,reiniciarPokedex
FN:37,(anonymous_5)
FN:39,(anonymous_6)
FN:40,(anonymous_7)
FNF:8
FNH:4
FNDA:3,configurarBusquedaInput
FNDA:2,buscarPokemon
FNDA:0,enviarInput
FNDA:1,configurarBotonReset
FNDA:1,reiniciarPokedex
FNDA:0,(anonymous_5)
FNDA:0,(anonymous_6)
FNDA:0,(anonymous_7)
DA:13,3
DA:15,2
DA:16,2
DA:17,2
DA:18,2
DA:19,2
DA:22,3
DA:24,0
DA:25,0
DA:26,0
DA:29,3
DA:33,1
DA:34,1
DA:35,1
DA:36,1
DA:37,1
DA:38,1
DA:39,1
DA:40,1
LF:19
LH:16
BRDA:18,0,0,2
BRDA:18,0,1,0
BRDA:18,1,0,2
BRDA:18,1,1,0
BRDA:25,2,0,0
BRDA:25,2,1,0
BRF:6
BRH:2
end_of_record
