TN:
SF:src\data\api.js
FN:3,generarUrlPokemon
FN:7,generarUrlListaPokemon
FN:11,cargarPokemon
FN:13,(anonymous_3)
FN:14,(anonymous_4)
FN:19,cargarListaPokemon
FN:21,(anonymous_6)
FN:22,(anonymous_7)
FN:23,(anonymous_8)
FNF:9
FNH:4
FNDA:0,generarUrlPokemon
FNDA:1,generarUrlListaPokemon
FNDA:0,cargarPokemon
FNDA:0,(anonymous_3)
FNDA:0,(anonymous_4)
FNDA:1,cargarListaPokemon
FNDA:1,(anonymous_6)
FNDA:1,(anonymous_7)
FNDA:0,(anonymous_8)
DA:1,1
DA:4,0
DA:8,1
DA:12,0
DA:13,0
DA:15,0
DA:20,1
DA:21,1
DA:22,1
DA:24,0
LF:10
LH:5
BRF:0
BRH:0
end_of_record
